#
# A fatal error has been detected by the Java Runtime Environment:
#
#  EXCEPTION_ACCESS_VIOLATION (0xc0000005) at pc=0x00007ffd836d61ee, pid=15788, tid=20864
#
# JRE version: Java(TM) SE Runtime Environment (17.0.2+8) (build 17.0.2+8-LTS-86)
# Java VM: Java HotSpot(TM) 64-Bit Server VM (17.0.2+8-LTS-86, mixed mode, sharing, tiered, compressed oops, compressed class ptrs, g1 gc, windows-amd64)
# Problematic frame:
# C  [awt.dll+0xd61ee]
#
# No core dump will be written. Minidumps are not enabled by default on client versions of Windows
#
# If you would like to submit a bug report, please visit:
#   https://bugreport.java.com/bugreport/crash.jsp
# The crash happened outside the Java Virtual Machine in native code.
# See problematic frame for where to report the bug.
#

---------------  S U M M A R Y ------------

Command Line: Client_GUI

Host: AMD Ryzen 7 5800X 8-Core Processor             , 16 cores, 31G,  Windows 10 , 64 bit Build 19041 (10.0.19041.2251)
Time: Wed Nov 23 17:49:19 2022 Pacific Standard Time elapsed time: 2254.155806 seconds (0d 0h 37m 34s)

---------------  T H R E A D  ---------------

Current thread (0x000002a946156e80):  JavaThread "AWT-Windows" daemon [_thread_in_native, id=20864, stack(0x000000caa8000000,0x000000caa8100000)]

Stack: [0x000000caa8000000,0x000000caa8100000],  sp=0x000000caa80fef90,  free space=1019k
Native frames: (J=compiled Java code, j=interpreted, Vv=VM code, C=native code)
C  [awt.dll+0xd61ee]

Java frames: (J=compiled Java code, j=interpreted, Vv=VM code)
j  sun.awt.windows.WToolkit.eventLoop()V+0 java.desktop@17.0.2
j  sun.awt.windows.WToolkit.run()V+50 java.desktop@17.0.2
j  java.lang.Thread.run()V+11 java.base@17.0.2
v  ~StubRoutines::call_stub

siginfo: EXCEPTION_ACCESS_VIOLATION (0xc0000005), reading address 0x0000000000000000


Register to memory mapping:

RIP=0x00007ffd836d61ee awt.dll
RAX=0x0 is NULL
RBX=0x000002a9463faad8 is a global jni handle
RCX=0x0 is NULL
RDX=0x000002a9463faad8 is a global jni handle
RSP=0x000000caa80fef90 is pointing into the stack for thread: 0x000002a946156e80
RBP=0x00007ffd8373a7e0 awt.dll
RSI=0x0 is NULL
RDI=0x000002a946157128 points into unknown readable memory: 0x00007ffcf1125640 | 40 56 12 f1 fc 7f 00 00
R8 =0x0000000000000042 is an unknown value
R9 =0x000000061f423b48 is an oop: sun.awt.windows.WFramePeer 
{0x000000061f423b48} - klass: 'sun/awt/windows/WFramePeer'
 - ---- fields (total size 19 words):
 - private volatile 'destroyed' 'Z' @12  true
 - private volatile 'disposed' 'Z' @13  false
 - volatile 'pData' 'J' @16  0 (0 0)
 - volatile 'target' 'Ljava/lang/Object;' @24  a 'Client_GUI'{0x000000061f423960} (c3e8472c)
 - volatile 'createError' 'Ljava/lang/Error;' @28  NULL (0)
 - private final 'stateLock' 'Ljava/lang/Object;' @32  a 'java/lang/Object'{0x000000061f423be0} (c3e8477c)
 - private volatile 'childPeers' 'Ljava/util/Map;' @36  NULL (0)
 - 'isLayouting' 'Z' @14  false
 - 'paintPending' 'Z' @15  false
 - protected volatile 'hwnd' 'J' @40  0 (0 0)
 - 'nativeDropTargetContext' 'J' @48  2926189920576 (4e82c140 2a9)
 - 'oldWidth' 'I' @56  1023 (3ff)
 - 'oldHeight' 'I' @60  679 (2a7)
 - private 'numBackBuffers' 'I' @64  0
 - 'nDropTargets' 'I' @68  6
 - public 'serialNum' 'I' @72  2
 - private 'updateX1' 'I' @76  0
 - private 'updateY1' 'I' @80  0
 - private 'updateX2' 'I' @84  0
 - private 'updateY2' 'I' @88  0
 - private volatile 'isAccelCapable' 'Z' @92  true
 - 'surfaceData' 'Lsun/java2d/SurfaceData;' @96  a 'sun/java2d/d3d/D3DSurfaceData$D3DWindowSurfaceData'{0x000000061f423bf0} (c3e8477e)
 - private 'paintArea' 'Lsun/awt/RepaintArea;' @100  a 'sun/awt/RepaintArea'{0x000000061f4244d8} (c3e8489b)
 - protected 'winGraphicsConfig' 'Lsun/awt/Win32GraphicsConfig;' @104  a 'sun/java2d/d3d/D3DGraphicsConfig'{0x000000061f423fc8} (c3e847f9)
 - private 'backBuffer' 'Ljava/awt/image/VolatileImage;' @108  NULL (0)
 - private 'backBufferCaps' 'Ljava/awt/BufferCapabilities;' @112  NULL (0)
 - private 'foreground' 'Ljava/awt/Color;' @116  a 'java/awt/SystemColor'{0x000000061f424508} (c3e848a1)
 - private 'background' 'Ljava/awt/Color;' @120  a 'javax/swing/plaf/ColorUIResource'{0x000000061f424530} (c3e848a6)
 - private 'font' 'Ljava/awt/Font;' @124  a 'java/awt/Font'{0x000000061f424550} (c3e848aa)
 - private 'eraseBackground' 'Z' @93  false
 - 'insets_' 'Ljava/awt/Insets;' @128  a 'java/awt/Insets'{0x000000061f498070} (c3e9300e)
 - private 'isOpaque' 'Z' @94  true
 - private 'opacity' 'F' @132  1.000000 (3f800000)
 - private 'modalBlocker' 'Lsun/awt/windows/WWindowPeer;' @136  NULL (0)
 - private 'painter' 'Lsun/awt/windows/TranslucentWindowPainter;' @140  NULL (0)
 - private 'windowListener' 'Ljava/awt/event/WindowListener;' @144  NULL (0)
 - private volatile 'windowType' 'Ljava/awt/Window$Type;' @148  a 'java/awt/Window$Type'{0x000000061f498090} (c3e93012)
R10=0x00007ffcf11a4a00 jvm.dll
R11=0x00000000000000c6 is an unknown value
R12=0x00000000003908a2 is an unknown value
R13=0x0000000000009824 is an unknown value
R14=0x0000000000c2f95c is an unknown value
R15=0x0000000000009824 is an unknown value


Registers:
RAX=0x0000000000000000, RBX=0x000002a9463faad8, RCX=0x0000000000000000, RDX=0x000002a9463faad8
RSP=0x000000caa80fef90, RBP=0x00007ffd8373a7e0, RSI=0x0000000000000000, RDI=0x000002a946157128
R8 =0x0000000000000042, R9 =0x000000061f423b48, R10=0x00007ffcf11a4a00, R11=0x00000000000000c6
R12=0x00000000003908a2, R13=0x0000000000009824, R14=0x0000000000c2f95c, R15=0x0000000000009824
RIP=0x00007ffd836d61ee, EFLAGS=0x0000000000010246

Top of Stack: (sp=0x000000caa80fef90)
0x000000caa80fef90:   000002a9463faad8 0000000000000000
0x000000caa80fefa0:   00007ffd836d3a40 00007ffda2f0c13a
0x000000caa80fefb0:   0000c88bf163ff82 000000caa80ff1c8
0x000000caa80fefc0:   000000caa80ff1e8 00007ffd836d65b3
0x000000caa80fefd0:   000002a946156e80 00007ffcf0a7317f
0x000000caa80fefe0:   000002a946157128 00007ffdae06b12a
0x000000caa80feff0:   0000000000000282 000002a946157128
0x000000caa80ff000:   0000000000000000 00007ffd836d3b31
0x000000caa80ff010:   000000caa80ff1e8 00007ffd836d3a40
0x000000caa80ff020:   0000000000000001 0000000000000000
0x000000caa80ff030:   0000a96711e37812 00007ffdae080e76
0x000000caa80ff040:   0000000000000000 0000000000000000
0x000000caa80ff050:   0000000000009824 0000000000000000
0x000000caa80ff060:   0000000080000022 0000000000000000
0x000000caa80ff070:   0000000000000001 00007ffdae06e858
0x000000caa80ff080:   0000000000000001 0000870de3fe754f 

Instructions: (pc=0x00007ffd836d61ee)
0x00007ffd836d60ee:   e8 ad d8 ff ff 33 d2 8d 4a 20 ff 15 12 da 06 00
0x00007ffd836d60fe:   8b d0 33 f6 89 74 24 20 4c 8d 4c 24 50 4c 8d 05
0x00007ffd836d610e:   2e 10 07 00 8d 4e 20 ff 15 95 dc 06 00 33 d2 49
0x00007ffd836d611e:   8b ce ff 15 02 d7 06 00 48 8b d8 48 85 c0 0f 85
0x00007ffd836d612e:   84 00 00 00 4c 8d 05 f7 8d 03 00 8d 56 09 48 8d
0x00007ffd836d613e:   8c 24 88 00 00 00 ff 15 d6 93 01 00 44 8d 46 10
0x00007ffd836d614e:   48 8d 54 24 70 49 8b ce ff 15 04 92 01 00 48 8d
0x00007ffd836d615e:   44 24 70 49 c7 c0 ff ff ff ff 0f 1f 84 00 00 00
0x00007ffd836d616e:   00 00 49 ff c0 66 42 39 34 40 75 f6 4b 8d 04 00
0x00007ffd836d617e:   48 8d 8c 24 98 00 00 00 48 2b c8 48 8d 54 24 70
0x00007ffd836d618e:   e8 11 61 01 00 33 d2 48 8d 8c 24 88 00 00 00 ff
0x00007ffd836d619e:   15 7d d6 06 00 48 85 c0 74 0e 33 d2 48 8b c8 ff
0x00007ffd836d61ae:   15 75 d6 06 00 48 8b d8 48 85 db 40 0f 95 c6 4c
0x00007ffd836d61be:   8b 07 33 d2 48 8b cf 41 ff 90 a0 00 00 00 90 48
0x00007ffd836d61ce:   8b c6 e9 9d 01 00 00 48 8b 07 4c 8b 05 61 09 07
0x00007ffd836d61de:   00 48 8b d3 48 8b cf ff 90 28 03 00 00 48 8b c8
0x00007ffd836d61ee:   4c 8b 08 49 8b c6 48 c1 e8 10 44 0f bf c0 41 0f
0x00007ffd836d61fe:   bf d6 41 ff 91 60 02 00 00 48 8b 07 48 8b d3 48
0x00007ffd836d620e:   8b cf ff 90 b0 00 00 00 33 f6 48 89 35 61 0e 07
0x00007ffd836d621e:   00 48 8b 0d 52 0e 07 00 ff 15 54 8f 01 00 90 48
0x00007ffd836d622e:   8b 07 33 d2 48 8b cf ff 90 a0 00 00 00 90 33 c0
0x00007ffd836d623e:   e9 2f 01 00 00 ba ff ff ff ff 49 8b ce ff 15 3f
0x00007ffd836d624e:   8e 01 00 8b d8 4c 8b 07 33 d2 48 8b cf 41 ff 90
0x00007ffd836d625e:   a0 00 00 00 90 8b c3 e9 08 01 00 00 49 8b ce ff
0x00007ffd836d626e:   d3 48 8b d8 4c 8b 07 33 d2 48 8b cf 41 ff 90 a0
0x00007ffd836d627e:   00 00 00 90 48 8b c3 e9 e8 00 00 00 ff d3 48 8b
0x00007ffd836d628e:   d8 4c 8b 07 33 d2 48 8b cf 41 ff 90 a0 00 00 00
0x00007ffd836d629e:   90 48 8b c3 e9 cb 00 00 00 41 8b d6 48 8b cb e8
0x00007ffd836d62ae:   61 3d 01 00 33 f6 48 89 35 c5 0d 07 00 48 8b 0d
0x00007ffd836d62be:   b6 0d 07 00 ff 15 b8 8e 01 00 90 48 8b 07 33 d2
0x00007ffd836d62ce:   48 8b cf ff 90 a0 00 00 00 90 33 c0 e9 93 00 00
0x00007ffd836d62de:   00 48 8b cb e8 1a 3d 01 00 8b c0 48 89 05 90 0d 


Stack slot to memory mapping:
stack at sp + 0 slots: 0x000002a9463faad8 is a global jni handle
stack at sp + 1 slots: 0x0 is NULL
stack at sp + 2 slots: 0x00007ffd836d3a40 awt.dll
stack at sp + 3 slots: 0x00007ffda2f0c13a java.dll
stack at sp + 4 slots: 0x0000c88bf163ff82 is an unknown value
stack at sp + 5 slots: 0x000000caa80ff1c8 is pointing into the stack for thread: 0x000002a946156e80
stack at sp + 6 slots: 0x000000caa80ff1e8 is pointing into the stack for thread: 0x000002a946156e80
stack at sp + 7 slots: 0x00007ffd836d65b3 awt.dll


---------------  P R O C E S S  ---------------

Threads class SMR info:
_java_thread_list=0x000002a94edaf6a0, length=19, elements={
0x000002a945586700, 0x000002a945587570, 0x000002a94559e2f0, 0x000002a9460030a0,
0x000002a946003960, 0x000002a946004220, 0x000002a946009750, 0x000002a946012200,
0x000002a946014c00, 0x000002a946154330, 0x000002a946157820, 0x000002a946154800,
0x000002a946155b40, 0x000002a946156e80, 0x000002a946154cd0, 0x000002a9461551a0,
0x000002a946155670, 0x000002a946153e60, 0x000002a9461564e0
}

Java Threads: ( => current thread )
  0x000002a945586700 JavaThread "Reference Handler" daemon [_thread_blocked, id=9468, stack(0x000000caa7100000,0x000000caa7200000)]
  0x000002a945587570 JavaThread "Finalizer" daemon [_thread_blocked, id=13668, stack(0x000000caa7200000,0x000000caa7300000)]
  0x000002a94559e2f0 JavaThread "Signal Dispatcher" daemon [_thread_blocked, id=25172, stack(0x000000caa7300000,0x000000caa7400000)]
  0x000002a9460030a0 JavaThread "Attach Listener" daemon [_thread_blocked, id=18412, stack(0x000000caa7400000,0x000000caa7500000)]
  0x000002a946003960 JavaThread "Service Thread" daemon [_thread_blocked, id=11928, stack(0x000000caa7500000,0x000000caa7600000)]
  0x000002a946004220 JavaThread "Monitor Deflation Thread" daemon [_thread_blocked, id=15588, stack(0x000000caa7600000,0x000000caa7700000)]
  0x000002a946009750 JavaThread "C2 CompilerThread0" daemon [_thread_blocked, id=13756, stack(0x000000caa7700000,0x000000caa7800000)]
  0x000002a946012200 JavaThread "C1 CompilerThread0" daemon [_thread_blocked, id=20728, stack(0x000000caa7800000,0x000000caa7900000)]
  0x000002a946014c00 JavaThread "Sweeper thread" daemon [_thread_blocked, id=24528, stack(0x000000caa7900000,0x000000caa7a00000)]
  0x000002a946154330 JavaThread "Notification Thread" daemon [_thread_blocked, id=25624, stack(0x000000caa7b00000,0x000000caa7c00000)]
  0x000002a946157820 JavaThread "Common-Cleaner" daemon [_thread_blocked, id=24520, stack(0x000000caa7d00000,0x000000caa7e00000)]
  0x000002a946154800 JavaThread "Java2D Disposer" daemon [_thread_blocked, id=18224, stack(0x000000caa7e00000,0x000000caa7f00000)]
  0x000002a946155b40 JavaThread "AWT-Shutdown" [_thread_blocked, id=10216, stack(0x000000caa7f00000,0x000000caa8000000)]
=>0x000002a946156e80 JavaThread "AWT-Windows" daemon [_thread_in_native, id=20864, stack(0x000000caa8000000,0x000000caa8100000)]
  0x000002a946154cd0 JavaThread "AWT-EventQueue-0" [_thread_in_native, id=18036, stack(0x000000caa8100000,0x000000caa8200000)]
  0x000002a9461551a0 JavaThread "DestroyJavaVM" [_thread_blocked, id=1972, stack(0x000000caa6a00000,0x000000caa6b00000)]
  0x000002a946155670 JavaThread "TimerQueue" daemon [_thread_blocked, id=11408, stack(0x000000caa8640000,0x000000caa8740000)]
  0x000002a946153e60 JavaThread "Thread-2" [_thread_blocked, id=27356, stack(0x000000caa8200000,0x000000caa8300000)]
  0x000002a9461564e0 JavaThread "ToolkitShutdown" daemon [_thread_in_native, id=26980, stack(0x000000caa9170000,0x000000caa9270000)]

Other Threads:
  0x000002a94557faf0 VMThread "VM Thread" [stack: 0x000000caa7000000,0x000000caa7100000] [id=19096]
  0x000002a91851e100 WatcherThread [stack: 0x000000caa7c00000,0x000000caa7d00000] [id=14204]
  0x000002a9184f32d0 GCTaskThread "GC Thread#0" [stack: 0x000000caa6b00000,0x000000caa6c00000] [id=17164]
  0x000002a94ea23d10 GCTaskThread "GC Thread#1" [stack: 0x000000caa6700000,0x000000caa6800000] [id=7584]
  0x000002a94ea24a80 GCTaskThread "GC Thread#2" [stack: 0x000000caa6900000,0x000000caa6a00000] [id=4492]
  0x000002a94ea23250 GCTaskThread "GC Thread#3" [stack: 0x000000caa7a00000,0x000000caa7b00000] [id=14096]
  0x000002a94ea23fc0 GCTaskThread "GC Thread#4" [stack: 0x000000caa8740000,0x000000caa8840000] [id=20404]
  0x000002a94f38efc0 GCTaskThread "GC Thread#5" [stack: 0x000000caa8840000,0x000000caa8940000] [id=4216]
  0x000002a94f390290 GCTaskThread "GC Thread#6" [stack: 0x000000caa8940000,0x000000caa8a40000] [id=5260]
  0x000002a94f38ffe0 GCTaskThread "GC Thread#7" [stack: 0x000000caa8b60000,0x000000caa8c60000] [id=20524]
  0x000002a94f38fa80 GCTaskThread "GC Thread#8" [stack: 0x000000caa8c60000,0x000000caa8d60000] [id=6564]
  0x000002a94f390aa0 GCTaskThread "GC Thread#9" [stack: 0x000000caa8d60000,0x000000caa8e60000] [id=12972]
  0x000002a94f38ed10 GCTaskThread "GC Thread#10" [stack: 0x000000caa8e60000,0x000000caa8f60000] [id=6268]
  0x000002a94f38fd30 GCTaskThread "GC Thread#11" [stack: 0x000000caa8f60000,0x000000caa9060000] [id=13304]
  0x000002a9185051a0 ConcurrentGCThread "G1 Main Marker" [stack: 0x000000caa6c00000,0x000000caa6d00000] [id=20668]
  0x000002a918507360 ConcurrentGCThread "G1 Conc#0" [stack: 0x000000caa6d00000,0x000000caa6e00000] [id=5572]
  0x000002a945437110 ConcurrentGCThread "G1 Refine#0" [stack: 0x000000caa6e00000,0x000000caa6f00000] [id=15100]
  0x000002a945437940 ConcurrentGCThread "G1 Service" [stack: 0x000000caa6f00000,0x000000caa7000000] [id=6008]

Threads with active compile tasks:

VM state: not at safepoint (normal execution)

VM Mutex/Monitor currently owned by a thread: None

Heap address: 0x0000000601000000, size: 8176 MB, Compressed Oops mode: Zero based, Oop shift amount: 3

CDS archive(s) mapped at: [0x0000000800000000-0x0000000800bc0000-0x0000000800bc0000), size 12320768, SharedBaseAddress: 0x0000000800000000, ArchiveRelocationMode: 0.
Compressed class space mapped at: 0x0000000800c00000-0x0000000840c00000, reserved size: 1073741824
Narrow klass base: 0x0000000800000000, Narrow klass shift: 0, Narrow klass range: 0x100000000

GC Precious Log:
 CPUs: 16 total, 16 available
 Memory: 32689M
 Large Page Support: Disabled
 NUMA Support: Disabled
 Compressed Oops: Enabled (Zero based)
 Heap Region Size: 4M
 Heap Min Capacity: 8M
 Heap Initial Capacity: 512M
 Heap Max Capacity: 8176M
 Pre-touch: Disabled
 Parallel Workers: 13
 Concurrent Workers: 3
 Concurrent Refinement Workers: 13
 Periodic GC: Disabled

Heap:
 garbage-first heap   total 524288K, used 27705K [0x0000000601000000, 0x0000000800000000)
  region size 4096K, 8 young (32768K), 1 survivors (4096K)
 Metaspace       used 12196K, committed 12416K, reserved 1064960K
  class space    used 1316K, committed 1408K, reserved 1048576K

Heap Regions: E=young(eden), S=young(survivor), O=old, HS=humongous(starts), HC=humongous(continues), CS=collection set, F=free, OA=open archive, CA=closed archive, TAMS=top-at-mark-start (previous, next)
|   0|0x0000000601000000, 0x0000000601000000, 0x0000000601400000|  0%| F|  |TAMS 0x0000000601000000, 0x0000000601000000| Untracked 
|   1|0x0000000601400000, 0x0000000601400000, 0x0000000601800000|  0%| F|  |TAMS 0x0000000601400000, 0x0000000601400000| Untracked 
|   2|0x0000000601800000, 0x0000000601800000, 0x0000000601c00000|  0%| F|  |TAMS 0x0000000601800000, 0x0000000601800000| Untracked 
|   3|0x0000000601c00000, 0x0000000601c00000, 0x0000000602000000|  0%| F|  |TAMS 0x0000000601c00000, 0x0000000601c00000| Untracked 
|   4|0x0000000602000000, 0x0000000602000000, 0x0000000602400000|  0%| F|  |TAMS 0x0000000602000000, 0x0000000602000000| Untracked 
|   5|0x0000000602400000, 0x0000000602400000, 0x0000000602800000|  0%| F|  |TAMS 0x0000000602400000, 0x0000000602400000| Untracked 
|   6|0x0000000602800000, 0x0000000602800000, 0x0000000602c00000|  0%| F|  |TAMS 0x0000000602800000, 0x0000000602800000| Untracked 
|   7|0x0000000602c00000, 0x0000000602c00000, 0x0000000603000000|  0%| F|  |TAMS 0x0000000602c00000, 0x0000000602c00000| Untracked 
|   8|0x0000000603000000, 0x0000000603000000, 0x0000000603400000|  0%| F|  |TAMS 0x0000000603000000, 0x0000000603000000| Untracked 
|   9|0x0000000603400000, 0x0000000603400000, 0x0000000603800000|  0%| F|  |TAMS 0x0000000603400000, 0x0000000603400000| Untracked 
|  10|0x0000000603800000, 0x0000000603800000, 0x0000000603c00000|  0%| F|  |TAMS 0x0000000603800000, 0x0000000603800000| Untracked 
|  11|0x0000000603c00000, 0x0000000603c00000, 0x0000000604000000|  0%| F|  |TAMS 0x0000000603c00000, 0x0000000603c00000| Untracked 
|  12|0x0000000604000000, 0x0000000604000000, 0x0000000604400000|  0%| F|  |TAMS 0x0000000604000000, 0x0000000604000000| Untracked 
|  13|0x0000000604400000, 0x0000000604400000, 0x0000000604800000|  0%| F|  |TAMS 0x0000000604400000, 0x0000000604400000| Untracked 
|  14|0x0000000604800000, 0x0000000604800000, 0x0000000604c00000|  0%| F|  |TAMS 0x0000000604800000, 0x0000000604800000| Untracked 
|  15|0x0000000604c00000, 0x0000000604c00000, 0x0000000605000000|  0%| F|  |TAMS 0x0000000604c00000, 0x0000000604c00000| Untracked 
|  16|0x0000000605000000, 0x0000000605000000, 0x0000000605400000|  0%| F|  |TAMS 0x0000000605000000, 0x0000000605000000| Untracked 
|  17|0x0000000605400000, 0x0000000605400000, 0x0000000605800000|  0%| F|  |TAMS 0x0000000605400000, 0x0000000605400000| Untracked 
|  18|0x0000000605800000, 0x0000000605800000, 0x0000000605c00000|  0%| F|  |TAMS 0x0000000605800000, 0x0000000605800000| Untracked 
|  19|0x0000000605c00000, 0x0000000605c00000, 0x0000000606000000|  0%| F|  |TAMS 0x0000000605c00000, 0x0000000605c00000| Untracked 
|  20|0x0000000606000000, 0x0000000606000000, 0x0000000606400000|  0%| F|  |TAMS 0x0000000606000000, 0x0000000606000000| Untracked 
|  21|0x0000000606400000, 0x0000000606400000, 0x0000000606800000|  0%| F|  |TAMS 0x0000000606400000, 0x0000000606400000| Untracked 
|  22|0x0000000606800000, 0x0000000606800000, 0x0000000606c00000|  0%| F|  |TAMS 0x0000000606800000, 0x0000000606800000| Untracked 
|  23|0x0000000606c00000, 0x0000000606c00000, 0x0000000607000000|  0%| F|  |TAMS 0x0000000606c00000, 0x0000000606c00000| Untracked 
|  24|0x0000000607000000, 0x0000000607000000, 0x0000000607400000|  0%| F|  |TAMS 0x0000000607000000, 0x0000000607000000| Untracked 
|  25|0x0000000607400000, 0x0000000607400000, 0x0000000607800000|  0%| F|  |TAMS 0x0000000607400000, 0x0000000607400000| Untracked 
|  26|0x0000000607800000, 0x0000000607800000, 0x0000000607c00000|  0%| F|  |TAMS 0x0000000607800000, 0x0000000607800000| Untracked 
|  27|0x0000000607c00000, 0x0000000607c00000, 0x0000000608000000|  0%| F|  |TAMS 0x0000000607c00000, 0x0000000607c00000| Untracked 
|  28|0x0000000608000000, 0x0000000608000000, 0x0000000608400000|  0%| F|  |TAMS 0x0000000608000000, 0x0000000608000000| Untracked 
|  29|0x0000000608400000, 0x0000000608400000, 0x0000000608800000|  0%| F|  |TAMS 0x0000000608400000, 0x0000000608400000| Untracked 
|  30|0x0000000608800000, 0x0000000608800000, 0x0000000608c00000|  0%| F|  |TAMS 0x0000000608800000, 0x0000000608800000| Untracked 
|  31|0x0000000608c00000, 0x0000000608c00000, 0x0000000609000000|  0%| F|  |TAMS 0x0000000608c00000, 0x0000000608c00000| Untracked 
|  32|0x0000000609000000, 0x0000000609000000, 0x0000000609400000|  0%| F|  |TAMS 0x0000000609000000, 0x0000000609000000| Untracked 
|  33|0x0000000609400000, 0x0000000609400000, 0x0000000609800000|  0%| F|  |TAMS 0x0000000609400000, 0x0000000609400000| Untracked 
|  34|0x0000000609800000, 0x0000000609800000, 0x0000000609c00000|  0%| F|  |TAMS 0x0000000609800000, 0x0000000609800000| Untracked 
|  35|0x0000000609c00000, 0x0000000609c00000, 0x000000060a000000|  0%| F|  |TAMS 0x0000000609c00000, 0x0000000609c00000| Untracked 
|  36|0x000000060a000000, 0x000000060a000000, 0x000000060a400000|  0%| F|  |TAMS 0x000000060a000000, 0x000000060a000000| Untracked 
|  37|0x000000060a400000, 0x000000060a400000, 0x000000060a800000|  0%| F|  |TAMS 0x000000060a400000, 0x000000060a400000| Untracked 
|  38|0x000000060a800000, 0x000000060a800000, 0x000000060ac00000|  0%| F|  |TAMS 0x000000060a800000, 0x000000060a800000| Untracked 
|  39|0x000000060ac00000, 0x000000060ac00000, 0x000000060b000000|  0%| F|  |TAMS 0x000000060ac00000, 0x000000060ac00000| Untracked 
|  40|0x000000060b000000, 0x000000060b000000, 0x000000060b400000|  0%| F|  |TAMS 0x000000060b000000, 0x000000060b000000| Untracked 
|  41|0x000000060b400000, 0x000000060b400000, 0x000000060b800000|  0%| F|  |TAMS 0x000000060b400000, 0x000000060b400000| Untracked 
|  42|0x000000060b800000, 0x000000060b800000, 0x000000060bc00000|  0%| F|  |TAMS 0x000000060b800000, 0x000000060b800000| Untracked 
|  43|0x000000060bc00000, 0x000000060bc00000, 0x000000060c000000|  0%| F|  |TAMS 0x000000060bc00000, 0x000000060bc00000| Untracked 
|  44|0x000000060c000000, 0x000000060c000000, 0x000000060c400000|  0%| F|  |TAMS 0x000000060c000000, 0x000000060c000000| Untracked 
|  45|0x000000060c400000, 0x000000060c400000, 0x000000060c800000|  0%| F|  |TAMS 0x000000060c400000, 0x000000060c400000| Untracked 
|  46|0x000000060c800000, 0x000000060c800000, 0x000000060cc00000|  0%| F|  |TAMS 0x000000060c800000, 0x000000060c800000| Untracked 
|  47|0x000000060cc00000, 0x000000060cc00000, 0x000000060d000000|  0%| F|  |TAMS 0x000000060cc00000, 0x000000060cc00000| Untracked 
|  48|0x000000060d000000, 0x000000060d000000, 0x000000060d400000|  0%| F|  |TAMS 0x000000060d000000, 0x000000060d000000| Untracked 
|  49|0x000000060d400000, 0x000000060d400000, 0x000000060d800000|  0%| F|  |TAMS 0x000000060d400000, 0x000000060d400000| Untracked 
|  50|0x000000060d800000, 0x000000060d800000, 0x000000060dc00000|  0%| F|  |TAMS 0x000000060d800000, 0x000000060d800000| Untracked 
|  51|0x000000060dc00000, 0x000000060dc00000, 0x000000060e000000|  0%| F|  |TAMS 0x000000060dc00000, 0x000000060dc00000| Untracked 
|  52|0x000000060e000000, 0x000000060e000000, 0x000000060e400000|  0%| F|  |TAMS 0x000000060e000000, 0x000000060e000000| Untracked 
|  53|0x000000060e400000, 0x000000060e400000, 0x000000060e800000|  0%| F|  |TAMS 0x000000060e400000, 0x000000060e400000| Untracked 
|  54|0x000000060e800000, 0x000000060e800000, 0x000000060ec00000|  0%| F|  |TAMS 0x000000060e800000, 0x000000060e800000| Untracked 
|  55|0x000000060ec00000, 0x000000060ec00000, 0x000000060f000000|  0%| F|  |TAMS 0x000000060ec00000, 0x000000060ec00000| Untracked 
|  56|0x000000060f000000, 0x000000060f000000, 0x000000060f400000|  0%| F|  |TAMS 0x000000060f000000, 0x000000060f000000| Untracked 
|  57|0x000000060f400000, 0x000000060f400000, 0x000000060f800000|  0%| F|  |TAMS 0x000000060f400000, 0x000000060f400000| Untracked 
|  58|0x000000060f800000, 0x000000060f800000, 0x000000060fc00000|  0%| F|  |TAMS 0x000000060f800000, 0x000000060f800000| Untracked 
|  59|0x000000060fc00000, 0x000000060fc00000, 0x0000000610000000|  0%| F|  |TAMS 0x000000060fc00000, 0x000000060fc00000| Untracked 
|  60|0x0000000610000000, 0x0000000610000000, 0x0000000610400000|  0%| F|  |TAMS 0x0000000610000000, 0x0000000610000000| Untracked 
|  61|0x0000000610400000, 0x0000000610400000, 0x0000000610800000|  0%| F|  |TAMS 0x0000000610400000, 0x0000000610400000| Untracked 
|  62|0x0000000610800000, 0x0000000610800000, 0x0000000610c00000|  0%| F|  |TAMS 0x0000000610800000, 0x0000000610800000| Untracked 
|  63|0x0000000610c00000, 0x0000000610c00000, 0x0000000611000000|  0%| F|  |TAMS 0x0000000610c00000, 0x0000000610c00000| Untracked 
|  64|0x0000000611000000, 0x0000000611000000, 0x0000000611400000|  0%| F|  |TAMS 0x0000000611000000, 0x0000000611000000| Untracked 
|  65|0x0000000611400000, 0x0000000611400000, 0x0000000611800000|  0%| F|  |TAMS 0x0000000611400000, 0x0000000611400000| Untracked 
|  66|0x0000000611800000, 0x0000000611800000, 0x0000000611c00000|  0%| F|  |TAMS 0x0000000611800000, 0x0000000611800000| Untracked 
|  67|0x0000000611c00000, 0x0000000611c00000, 0x0000000612000000|  0%| F|  |TAMS 0x0000000611c00000, 0x0000000611c00000| Untracked 
|  68|0x0000000612000000, 0x0000000612000000, 0x0000000612400000|  0%| F|  |TAMS 0x0000000612000000, 0x0000000612000000| Untracked 
|  69|0x0000000612400000, 0x0000000612400000, 0x0000000612800000|  0%| F|  |TAMS 0x0000000612400000, 0x0000000612400000| Untracked 
|  70|0x0000000612800000, 0x0000000612800000, 0x0000000612c00000|  0%| F|  |TAMS 0x0000000612800000, 0x0000000612800000| Untracked 
|  71|0x0000000612c00000, 0x0000000612c00000, 0x0000000613000000|  0%| F|  |TAMS 0x0000000612c00000, 0x0000000612c00000| Untracked 
|  72|0x0000000613000000, 0x0000000613000000, 0x0000000613400000|  0%| F|  |TAMS 0x0000000613000000, 0x0000000613000000| Untracked 
|  73|0x0000000613400000, 0x0000000613400000, 0x0000000613800000|  0%| F|  |TAMS 0x0000000613400000, 0x0000000613400000| Untracked 
|  74|0x0000000613800000, 0x0000000613800000, 0x0000000613c00000|  0%| F|  |TAMS 0x0000000613800000, 0x0000000613800000| Untracked 
|  75|0x0000000613c00000, 0x0000000613c00000, 0x0000000614000000|  0%| F|  |TAMS 0x0000000613c00000, 0x0000000613c00000| Untracked 
|  76|0x0000000614000000, 0x0000000614000000, 0x0000000614400000|  0%| F|  |TAMS 0x0000000614000000, 0x0000000614000000| Untracked 
|  77|0x0000000614400000, 0x0000000614400000, 0x0000000614800000|  0%| F|  |TAMS 0x0000000614400000, 0x0000000614400000| Untracked 
|  78|0x0000000614800000, 0x0000000614800000, 0x0000000614c00000|  0%| F|  |TAMS 0x0000000614800000, 0x0000000614800000| Untracked 
|  79|0x0000000614c00000, 0x0000000614c00000, 0x0000000615000000|  0%| F|  |TAMS 0x0000000614c00000, 0x0000000614c00000| Untracked 
|  80|0x0000000615000000, 0x0000000615000000, 0x0000000615400000|  0%| F|  |TAMS 0x0000000615000000, 0x0000000615000000| Untracked 
|  81|0x0000000615400000, 0x0000000615400000, 0x0000000615800000|  0%| F|  |TAMS 0x0000000615400000, 0x0000000615400000| Untracked 
|  82|0x0000000615800000, 0x0000000615800000, 0x0000000615c00000|  0%| F|  |TAMS 0x0000000615800000, 0x0000000615800000| Untracked 
|  83|0x0000000615c00000, 0x0000000615c00000, 0x0000000616000000|  0%| F|  |TAMS 0x0000000615c00000, 0x0000000615c00000| Untracked 
|  84|0x0000000616000000, 0x0000000616000000, 0x0000000616400000|  0%| F|  |TAMS 0x0000000616000000, 0x0000000616000000| Untracked 
|  85|0x0000000616400000, 0x0000000616400000, 0x0000000616800000|  0%| F|  |TAMS 0x0000000616400000, 0x0000000616400000| Untracked 
|  86|0x0000000616800000, 0x0000000616800000, 0x0000000616c00000|  0%| F|  |TAMS 0x0000000616800000, 0x0000000616800000| Untracked 
|  87|0x0000000616c00000, 0x0000000616c00000, 0x0000000617000000|  0%| F|  |TAMS 0x0000000616c00000, 0x0000000616c00000| Untracked 
|  88|0x0000000617000000, 0x0000000617000000, 0x0000000617400000|  0%| F|  |TAMS 0x0000000617000000, 0x0000000617000000| Untracked 
|  89|0x0000000617400000, 0x0000000617400000, 0x0000000617800000|  0%| F|  |TAMS 0x0000000617400000, 0x0000000617400000| Untracked 
|  90|0x0000000617800000, 0x0000000617800000, 0x0000000617c00000|  0%| F|  |TAMS 0x0000000617800000, 0x0000000617800000| Untracked 
|  91|0x0000000617c00000, 0x0000000617c00000, 0x0000000618000000|  0%| F|  |TAMS 0x0000000617c00000, 0x0000000617c00000| Untracked 
|  92|0x0000000618000000, 0x0000000618000000, 0x0000000618400000|  0%| F|  |TAMS 0x0000000618000000, 0x0000000618000000| Untracked 
|  93|0x0000000618400000, 0x0000000618400000, 0x0000000618800000|  0%| F|  |TAMS 0x0000000618400000, 0x0000000618400000| Untracked 
|  94|0x0000000618800000, 0x0000000618800000, 0x0000000618c00000|  0%| F|  |TAMS 0x0000000618800000, 0x0000000618800000| Untracked 
|  95|0x0000000618c00000, 0x0000000618c00000, 0x0000000619000000|  0%| F|  |TAMS 0x0000000618c00000, 0x0000000618c00000| Untracked 
|  96|0x0000000619000000, 0x0000000619000000, 0x0000000619400000|  0%| F|  |TAMS 0x0000000619000000, 0x0000000619000000| Untracked 
|  97|0x0000000619400000, 0x0000000619400000, 0x0000000619800000|  0%| F|  |TAMS 0x0000000619400000, 0x0000000619400000| Untracked 
|  98|0x0000000619800000, 0x0000000619800000, 0x0000000619c00000|  0%| F|  |TAMS 0x0000000619800000, 0x0000000619800000| Untracked 
|  99|0x0000000619c00000, 0x0000000619c00000, 0x000000061a000000|  0%| F|  |TAMS 0x0000000619c00000, 0x0000000619c00000| Untracked 
| 100|0x000000061a000000, 0x000000061a000000, 0x000000061a400000|  0%| F|  |TAMS 0x000000061a000000, 0x000000061a000000| Untracked 
| 101|0x000000061a400000, 0x000000061a400000, 0x000000061a800000|  0%| F|  |TAMS 0x000000061a400000, 0x000000061a400000| Untracked 
| 102|0x000000061a800000, 0x000000061a800000, 0x000000061ac00000|  0%| F|  |TAMS 0x000000061a800000, 0x000000061a800000| Untracked 
| 103|0x000000061ac00000, 0x000000061ac00000, 0x000000061b000000|  0%| F|  |TAMS 0x000000061ac00000, 0x000000061ac00000| Untracked 
| 104|0x000000061b000000, 0x000000061b000000, 0x000000061b400000|  0%| F|  |TAMS 0x000000061b000000, 0x000000061b000000| Untracked 
| 105|0x000000061b400000, 0x000000061b400000, 0x000000061b800000|  0%| F|  |TAMS 0x000000061b400000, 0x000000061b400000| Untracked 
| 106|0x000000061b800000, 0x000000061b800000, 0x000000061bc00000|  0%| F|  |TAMS 0x000000061b800000, 0x000000061b800000| Untracked 
| 107|0x000000061bc00000, 0x000000061bc00000, 0x000000061c000000|  0%| F|  |TAMS 0x000000061bc00000, 0x000000061bc00000| Untracked 
| 108|0x000000061c000000, 0x000000061c000000, 0x000000061c400000|  0%| F|  |TAMS 0x000000061c000000, 0x000000061c000000| Untracked 
| 109|0x000000061c400000, 0x000000061c400000, 0x000000061c800000|  0%| F|  |TAMS 0x000000061c400000, 0x000000061c400000| Untracked 
| 110|0x000000061c800000, 0x000000061c800000, 0x000000061cc00000|  0%| F|  |TAMS 0x000000061c800000, 0x000000061c800000| Untracked 
| 111|0x000000061cc00000, 0x000000061cc00000, 0x000000061d000000|  0%| F|  |TAMS 0x000000061cc00000, 0x000000061cc00000| Untracked 
| 112|0x000000061d000000, 0x000000061d000000, 0x000000061d400000|  0%| F|  |TAMS 0x000000061d000000, 0x000000061d000000| Untracked 
| 113|0x000000061d400000, 0x000000061d400000, 0x000000061d800000|  0%| F|  |TAMS 0x000000061d400000, 0x000000061d400000| Untracked 
| 114|0x000000061d800000, 0x000000061d800000, 0x000000061dc00000|  0%| F|  |TAMS 0x000000061d800000, 0x000000061d800000| Untracked 
| 115|0x000000061dc00000, 0x000000061dc00000, 0x000000061e000000|  0%| F|  |TAMS 0x000000061dc00000, 0x000000061dc00000| Untracked 
| 116|0x000000061e000000, 0x000000061e000000, 0x000000061e400000|  0%| F|  |TAMS 0x000000061e000000, 0x000000061e000000| Untracked 
| 117|0x000000061e400000, 0x000000061e400000, 0x000000061e800000|  0%| F|  |TAMS 0x000000061e400000, 0x000000061e400000| Untracked 
| 118|0x000000061e800000, 0x000000061e800000, 0x000000061ec00000|  0%| F|  |TAMS 0x000000061e800000, 0x000000061e800000| Untracked 
| 119|0x000000061ec00000, 0x000000061ec00000, 0x000000061f000000|  0%| F|  |TAMS 0x000000061ec00000, 0x000000061ec00000| Untracked 
| 120|0x000000061f000000, 0x000000061f078a58, 0x000000061f400000| 11%| E|  |TAMS 0x000000061f000000, 0x000000061f000000| Complete 
| 121|0x000000061f400000, 0x000000061f70e540, 0x000000061f800000| 76%| S|CS|TAMS 0x000000061f400000, 0x000000061f400000| Complete 
| 122|0x000000061f800000, 0x000000061fc00000, 0x000000061fc00000|100%| E|CS|TAMS 0x000000061f800000, 0x000000061f800000| Complete 
| 123|0x000000061fc00000, 0x0000000620000000, 0x0000000620000000|100%| E|CS|TAMS 0x000000061fc00000, 0x000000061fc00000| Complete 
| 124|0x0000000620000000, 0x0000000620400000, 0x0000000620400000|100%| E|CS|TAMS 0x0000000620000000, 0x0000000620000000| Complete 
| 125|0x0000000620400000, 0x0000000620800000, 0x0000000620800000|100%| E|CS|TAMS 0x0000000620400000, 0x0000000620400000| Complete 
| 126|0x0000000620800000, 0x0000000620c00000, 0x0000000620c00000|100%| E|CS|TAMS 0x0000000620800000, 0x0000000620800000| Complete 
| 127|0x0000000620c00000, 0x0000000621000000, 0x0000000621000000|100%| E|CS|TAMS 0x0000000620c00000, 0x0000000620c00000| Complete 

Card table byte_map: [0x000002a930570000,0x000002a931570000] _byte_map_base: 0x000002a92d568000

Marking Bits (Prev, Next): (CMBitMap*) 0x000002a9184f48f0, (CMBitMap*) 0x000002a9184f4930
 Prev Bits: [0x000002a932570000, 0x000002a93a530000)
 Next Bits: [0x000002a93a530000, 0x000002a9424f0000)

Polling page: 0x000002a916630000

Metaspace:

Usage:
  Non-class:     10.63 MB used.
      Class:      1.29 MB used.
       Both:     11.91 MB used.

Virtual space:
  Non-class space:       16.00 MB reserved,      10.75 MB ( 67%) committed,  2 nodes.
      Class space:        1.00 GB reserved,       1.38 MB ( <1%) committed,  1 nodes.
             Both:        1.02 GB reserved,      12.12 MB (  1%) committed. 

Chunk freelists:
   Non-Class:  994.00 KB
       Class:  2.61 MB
        Both:  3.58 MB

MaxMetaspaceSize: unlimited
CompressedClassSpaceSize: 1.00 GB
Initial GC threshold: 21.00 MB
Current GC threshold: 21.00 MB
CDS: on
MetaspaceReclaimPolicy: balanced
 - commit_granule_bytes: 65536.
 - commit_granule_words: 8192.
 - virtual_space_node_default_size: 1048576.
 - enlarge_chunks_in_place: 1.
 - new_chunks_are_fully_committed: 0.
 - uncommit_free_chunks: 1.
 - use_allocation_guard: 0.
 - handle_deallocations: 1.


Internal statistics:

num_allocs_failed_limit: 0.
num_arena_births: 114.
num_arena_deaths: 0.
num_vsnodes_births: 3.
num_vsnodes_deaths: 0.
num_space_committed: 194.
num_space_uncommitted: 0.
num_chunks_returned_to_freelist: 0.
num_chunks_taken_from_freelist: 172.
num_chunk_merges: 0.
num_chunk_splits: 93.
num_chunks_enlarged: 34.
num_purges: 0.
num_inconsistent_stats: 0.

CodeHeap 'non-profiled nmethods': size=119168Kb used=1875Kb max_used=1875Kb free=117292Kb
 bounds [0x000002a927880000, 0x000002a927af0000, 0x000002a92ece0000]
CodeHeap 'profiled nmethods': size=119104Kb used=5524Kb max_used=5524Kb free=113579Kb
 bounds [0x000002a920430000, 0x000002a9209a0000, 0x000002a927880000]
CodeHeap 'non-nmethods': size=7488Kb used=1313Kb max_used=3013Kb free=6174Kb
 bounds [0x000002a91fce0000, 0x000002a91ffe0000, 0x000002a920430000]
 total_blobs=3395 nmethods=2752 adapters=554
 compilation: enabled
              stopped_count=0, restarted_count=0
 full_count=0

Compilation events (20 events):
Event: 2251.723 Thread 0x000002a946012200 2745       1       java.awt.image.Raster::getMinX (5 bytes)
Event: 2251.723 Thread 0x000002a946012200 nmethod 2745 0x000002a927a47d90 code [0x000002a927a47f20, 0x000002a927a47ff8]
Event: 2251.723 Thread 0x000002a946012200 2746       1       java.awt.image.Raster::getMinY (5 bytes)
Event: 2251.723 Thread 0x000002a946012200 nmethod 2746 0x000002a927a48090 code [0x000002a927a48220, 0x000002a927a482f8]
Event: 2251.729 Thread 0x000002a946012200 2747       3       sun.util.locale.LocaleUtils::isLower (18 bytes)
Event: 2251.729 Thread 0x000002a946012200 nmethod 2747 0x000002a920994410 code [0x000002a9209945a0, 0x000002a920994718]
Event: 2251.730 Thread 0x000002a946009750 2748   !   4       javax.swing.JComponent::_paintImmediately (891 bytes)
Event: 2251.928 Thread 0x000002a946009750 nmethod 2748 0x000002a927a48390 code [0x000002a927a48920, 0x000002a927a4eb58]
Event: 2252.234 Thread 0x000002a946009750 2749       4       javax.swing.JComponent::setFlag (34 bytes)
Event: 2252.234 Thread 0x000002a946009750 nmethod 2749 0x000002a927a53a90 code [0x000002a927a53c00, 0x000002a927a53cb8]
Event: 2253.537 Thread 0x000002a946009750 2750       4       java.awt.Container::processEvent (22 bytes)
Event: 2253.538 Thread 0x000002a946009750 nmethod 2750 0x000002a927a53d90 code [0x000002a927a53f60, 0x000002a927a541e8]
Event: 2254.099 Thread 0x000002a946012200 2751       3       javax.swing.text.JTextComponent::getInputMethodRequests (46 bytes)
Event: 2254.099 Thread 0x000002a946012200 nmethod 2751 0x000002a920994790 code [0x000002a920994980, 0x000002a920995068]
Event: 2254.109 Thread 0x000002a946012200 2752       1       sun.awt.im.InputMethodAdapter::getClientComponent (5 bytes)
Event: 2254.109 Thread 0x000002a946012200 nmethod 2752 0x000002a927a54510 code [0x000002a927a546a0, 0x000002a927a54778]
Event: 2254.109 Thread 0x000002a946012200 2753       1       sun.awt.im.InputContext::getClientComponent (5 bytes)
Event: 2254.109 Thread 0x000002a946012200 nmethod 2753 0x000002a927a54810 code [0x000002a927a549a0, 0x000002a927a54a78]
Event: 2254.116 Thread 0x000002a946009750 2754       4       java.awt.Component::getContainer (5 bytes)
Event: 2254.117 Thread 0x000002a946009750 nmethod 2754 0x000002a927a54b10 code [0x000002a927a54c80, 0x000002a927a54cf8]

GC Heap History (2 events):
Event: 513.633 GC heap before
{Heap before GC invocations=0 (full 0):
 garbage-first heap   total 524288K, used 24576K [0x0000000601000000, 0x0000000800000000)
  region size 4096K, 6 young (24576K), 0 survivors (0K)
 Metaspace       used 12083K, committed 12288K, reserved 1064960K
  class space    used 1310K, committed 1408K, reserved 1048576K
}
Event: 513.635 GC heap after
{Heap after GC invocations=1 (full 0):
 garbage-first heap   total 524288K, used 3129K [0x0000000601000000, 0x0000000800000000)
  region size 4096K, 1 young (4096K), 1 survivors (4096K)
 Metaspace       used 12083K, committed 12288K, reserved 1064960K
  class space    used 1310K, committed 1408K, reserved 1048576K
}

Deoptimization events (20 events):
Event: 2234.993 Thread 0x000002a946154cd0 DEOPT PACKING pc=0x000002a92798c730 sp=0x000000caa81fe910
Event: 2234.993 Thread 0x000002a946154cd0 DEOPT UNPACKING pc=0x000002a91fd323a3 sp=0x000000caa81fe800 mode 2
Event: 2235.649 Thread 0x000002a94f0b2d00 Uncommon trap: trap_request=0xffffff45 fr.pc=0x000002a927928228 relative=0x00000000000001a8
Event: 2235.649 Thread 0x000002a94f0b2d00 Uncommon trap: reason=unstable_if action=reinterpret pc=0x000002a927928228 method=Client.readChat(Ljava/net/Socket;)V @ 51 c2
Event: 2235.649 Thread 0x000002a94f0b2d00 DEOPT PACKING pc=0x000002a927928228 sp=0x000000caa82ff3a0
Event: 2235.649 Thread 0x000002a94f0b2d00 DEOPT UNPACKING pc=0x000002a91fd323a3 sp=0x000000caa82ff358 mode 2
Event: 2235.650 Thread 0x000002a946154cd0 Uncommon trap: trap_request=0xffffffcc fr.pc=0x000002a9279c1090 relative=0x0000000000000370
Event: 2235.650 Thread 0x000002a946154cd0 Uncommon trap: reason=intrinsic_or_type_checked_inlining action=make_not_entrant pc=0x000002a9279c1090 method=java.util.ArrayList.toArray([Ljava/lang/Object;)[Ljava/lang/Object; @ 36 c2
Event: 2235.650 Thread 0x000002a946154cd0 DEOPT PACKING pc=0x000002a9279c1090 sp=0x000000caa81fd8c0
Event: 2235.650 Thread 0x000002a946154cd0 DEOPT UNPACKING pc=0x000002a91fd323a3 sp=0x000000caa81fd8a0 mode 2
Event: 2235.658 Thread 0x000002a946155670 Uncommon trap: trap_request=0xffffff45 fr.pc=0x000002a927a0f050 relative=0x00000000000002d0
Event: 2235.658 Thread 0x000002a946155670 Uncommon trap: reason=unstable_if action=reinterpret pc=0x000002a927a0f050 method=java.util.concurrent.locks.AbstractQueuedSynchronizer$ConditionObject.awaitNanos(J)J @ 61 c2
Event: 2235.658 Thread 0x000002a946155670 DEOPT PACKING pc=0x000002a927a0f050 sp=0x000000caa873f0b0
Event: 2235.658 Thread 0x000002a946155670 DEOPT UNPACKING pc=0x000002a91fd323a3 sp=0x000000caa873f038 mode 2
Event: 2251.604 Thread 0x000002a946154cd0 DEOPT PACKING pc=0x000002a920625a09 sp=0x000000caa81fd300
Event: 2251.604 Thread 0x000002a946154cd0 DEOPT UNPACKING pc=0x000002a91fd32b43 sp=0x000000caa81fc788 mode 0
Event: 2254.126 Thread 0x000002a946153e60 Uncommon trap: trap_request=0xffffff45 fr.pc=0x000002a927a0d360 relative=0x0000000000000060
Event: 2254.126 Thread 0x000002a946153e60 Uncommon trap: reason=unstable_if action=reinterpret pc=0x000002a927a0d360 method=java.util.IdentityHashMap.keySet()Ljava/util/Set; @ 6 c2
Event: 2254.126 Thread 0x000002a946153e60 DEOPT PACKING pc=0x000002a927a0d360 sp=0x000000caa82fee40
Event: 2254.126 Thread 0x000002a946153e60 DEOPT UNPACKING pc=0x000002a91fd323a3 sp=0x000000caa82fedd8 mode 2

Classes unloaded (0 events):
No events

Classes redefined (0 events):
No events

Internal exceptions (20 events):
Event: 0.167 Thread 0x000002a91847db60 Exception <a 'java/lang/ClassNotFoundException'{0x000000062091a1e0}: ToolBar> (0x000000062091a1e0) 
thrown [t:\workspace\open\src\hotspot\share\classfile\systemDictionary.cpp, line 256]
Event: 0.167 Thread 0x000002a91847db60 Exception <a 'java/lang/ClassNotFoundException'{0x000000062091a540}: Button> (0x000000062091a540) 
thrown [t:\workspace\open\src\hotspot\share\classfile\systemDictionary.cpp, line 256]
Event: 0.167 Thread 0x000002a91847db60 Exception <a 'java/lang/ClassNotFoundException'{0x000000062091aa08}: ToolBar> (0x000000062091aa08) 
thrown [t:\workspace\open\src\hotspot\share\classfile\systemDictionary.cpp, line 256]
Event: 0.168 Thread 0x000002a91847db60 Exception <a 'java/lang/ClassNotFoundException'{0x000000062091ad78}: ToggleButton> (0x000000062091ad78) 
thrown [t:\workspace\open\src\hotspot\share\classfile\systemDictionary.cpp, line 256]
Event: 0.168 Thread 0x000002a91847db60 Exception <a 'java/lang/ClassNotFoundException'{0x000000062091b1b8}: javax/swing/JToolBarSeparator> (0x000000062091b1b8) 
thrown [t:\workspace\open\src\hotspot\share\classfile\systemDictionary.cpp, line 256]
Event: 0.168 Thread 0x000002a91847db60 Exception <a 'java/lang/ClassNotFoundException'{0x000000062091b4c0}: ToolBarSeparator> (0x000000062091b4c0) 
thrown [t:\workspace\open\src\hotspot\share\classfile\systemDictionary.cpp, line 256]
Event: 0.168 Thread 0x000002a91847db60 Exception <a 'java/lang/ClassNotFoundException'{0x000000062091b9d8}: ToolTip> (0x000000062091b9d8) 
thrown [t:\workspace\open\src\hotspot\share\classfile\systemDictionary.cpp, line 256]
Event: 0.168 Thread 0x000002a91847db60 Exception <a 'java/lang/ClassNotFoundException'{0x000000062091c328}: Tree> (0x000000062091c328) 
thrown [t:\workspace\open\src\hotspot\share\classfile\systemDictionary.cpp, line 256]
Event: 0.168 Thread 0x000002a91847db60 Exception <a 'java/lang/ClassNotFoundException'{0x000000062091c820}: Tree> (0x000000062091c820) 
thrown [t:\workspace\open\src\hotspot\share\classfile\systemDictionary.cpp, line 256]
Event: 0.168 Thread 0x000002a91847db60 Exception <a 'java/lang/ClassNotFoundException'{0x000000062091cb90}: javax/swing/JTreeCell> (0x000000062091cb90) 
thrown [t:\workspace\open\src\hotspot\share\classfile\systemDictionary.cpp, line 256]
Event: 0.168 Thread 0x000002a91847db60 Exception <a 'java/lang/ClassNotFoundException'{0x000000062091ce90}: TreeCell> (0x000000062091ce90) 
thrown [t:\workspace\open\src\hotspot\share\classfile\systemDictionary.cpp, line 256]
Event: 0.168 Thread 0x000002a91847db60 Exception <a 'java/lang/ClassNotFoundException'{0x000000062091d650}: RootPane> (0x000000062091d650) 
thrown [t:\workspace\open\src\hotspot\share\classfile\systemDictionary.cpp, line 256]
Event: 0.169 Thread 0x000002a91847db60 Exception <a 'java/lang/ClassNotFoundException'{0x00000006209204a0}: com/sun/swing/internal/plaf/metal/resources/spi/metalProvider> (0x00000006209204a0) 
thrown [t:\workspace\open\src\hotspot\share\classfile\systemDictionary.cpp, line 256]
Event: 0.169 Thread 0x000002a91847db60 Exception <a 'java/lang/ClassNotFoundException'{0x00000006209240a0}: com/sun/swing/internal/plaf/basic/resources/spi/basicProvider> (0x00000006209240a0) 
thrown [t:\workspace\open\src\hotspot\share\classfile\systemDictionary.cpp, line 256]
Event: 0.407 Thread 0x000002a946154cd0 Exception <a 'java/lang/ClassNotFoundException'{0x000000062098bfc0}: com/sun/swing/internal/plaf/synth/resources/spi/synthProvider> (0x000000062098bfc0) 
thrown [t:\workspace\open\src\hotspot\share\classfile\systemDictionary.cpp, line 256]
Event: 0.456 Thread 0x000002a946156e80 Exception <a 'java/lang/NoSuchMethodError'{0x0000000620f6bba0}: 'void java.lang.invoke.DirectMethodHandle$Holder.invokeVirtual(java.lang.Object, java.lang.Object)'> (0x0000000620f6bba0) 
thrown [t:\workspace\open\src\hotspot\share\interpreter\linkResolver.cpp, line 766]
Event: 0.464 Thread 0x000002a946154cd0 Exception <a 'java/lang/NoSuchMethodError'{0x0000000620b780d0}: 'void java.lang.invoke.DirectMethodHandle$Holder.invokeStaticInit(java.lang.Object)'> (0x0000000620b780d0) 
thrown [t:\workspace\open\src\hotspot\share\interpreter\linkResolver.cpp, line 766]
Event: 35.918 Thread 0x000002a946153e60 Exception <a 'java/lang/NoSuchMethodError'{0x000000062000c6e0}: 'void java.lang.invoke.DirectMethodHandle$Holder.invokeStatic(java.lang.Object, java.lang.Object)'> (0x000000062000c6e0) 
thrown [t:\workspace\open\src\hotspot\share\interpreter\linkResolver.cpp, line 766]
Event: 2254.124 Thread 0x000002a946153e60 Exception <a 'java/net/ConnectException'{0x000000061fad9a08}: Connection refused: connect> (0x000000061fad9a08) 
thrown [t:\workspace\open\src\hotspot\share\prims\jni.cpp, line 535]
Event: 2254.124 Thread 0x000002a946153e60 Exception <a 'java/net/SocketException'{0x000000061fad9d40}: Socket is not connected: shutdown> (0x000000061fad9d40) 
thrown [t:\workspace\open\src\hotspot\share\prims\jni.cpp, line 535]

VM Operations (20 events):
Event: 2235.198 Executing VM operation: Cleanup
Event: 2235.198 Executing VM operation: Cleanup done
Event: 2236.206 Executing VM operation: Cleanup
Event: 2236.206 Executing VM operation: Cleanup done
Event: 2238.221 Executing VM operation: Cleanup
Event: 2238.221 Executing VM operation: Cleanup done
Event: 2239.228 Executing VM operation: Cleanup
Event: 2239.228 Executing VM operation: Cleanup done
Event: 2243.258 Executing VM operation: Cleanup
Event: 2243.258 Executing VM operation: Cleanup done
Event: 2244.266 Executing VM operation: Cleanup
Event: 2244.266 Executing VM operation: Cleanup done
Event: 2245.273 Executing VM operation: Cleanup
Event: 2245.273 Executing VM operation: Cleanup done
Event: 2246.281 Executing VM operation: Cleanup
Event: 2246.281 Executing VM operation: Cleanup done
Event: 2252.326 Executing VM operation: Cleanup
Event: 2252.326 Executing VM operation: Cleanup done
Event: 2253.333 Executing VM operation: Cleanup
Event: 2253.333 Executing VM operation: Cleanup done

Events (20 events):
Event: 2235.650 loading class sun/nio/ch/SocketOptionRegistry$LazyInitialization
Event: 2235.650 loading class sun/nio/ch/SocketOptionRegistry$LazyInitialization done
Event: 2235.650 loading class sun/nio/ch/OptionKey
Event: 2235.650 loading class sun/nio/ch/OptionKey done
Event: 2235.650 loading class sun/nio/ch/ExtendedSocketOption
Event: 2235.650 loading class sun/nio/ch/ExtendedSocketOption done
Event: 2235.650 loading class sun/nio/ch/ExtendedSocketOption$1
Event: 2235.650 loading class sun/nio/ch/ExtendedSocketOption$1 done
Event: 2235.650 Thread 0x000002a94f0b2d00 Thread exited: 0x000002a94f0b2d00
Event: 2251.721 Thread 0x000002a946153e60 Thread added: 0x000002a946153e60
Event: 2254.124 loading class java/net/ConnectException
Event: 2254.124 loading class java/net/SocketException
Event: 2254.124 loading class java/net/SocketException done
Event: 2254.124 loading class java/net/ConnectException done
Event: 2254.124 loading class sun/net/util/SocketExceptions
Event: 2254.126 loading class sun/net/util/SocketExceptions done
Event: 2254.126 Thread 0x000002a9461564e0 Thread added: 0x000002a9461564e0
Event: 2254.126 Thread 0x000002a94f0b2830 Thread added: 0x000002a94f0b2830
Event: 2254.126 Thread 0x000002a94f0b2830 Thread exited: 0x000002a94f0b2830
Event: 2254.126 Thread 0x000002a946156010 Thread exited: 0x000002a946156010


Dynamic libraries:
0x00007ff7fcff0000 - 0x00007ff7fd000000 	C:\Program Files\Java\jdk-17.0.2\bin\java.exe
0x00007ffdb0010000 - 0x00007ffdb0208000 	C:\Windows\SYSTEM32\ntdll.dll
0x00007ffdae3a0000 - 0x00007ffdae45f000 	C:\Windows\System32\KERNEL32.DLL
0x00007ffdadce0000 - 0x00007ffdadfb2000 	C:\Windows\System32\KERNELBASE.dll
0x00007ffdad710000 - 0x00007ffdad810000 	C:\Windows\System32\ucrtbase.dll
0x00007ffda0150000 - 0x00007ffda0168000 	C:\Program Files\Java\jdk-17.0.2\bin\jli.dll
0x00007ffda6db0000 - 0x00007ffda6dca000 	C:\Program Files\Java\jdk-17.0.2\bin\VCRUNTIME140.dll
0x00007ffdae700000 - 0x00007ffdae7ae000 	C:\Windows\System32\ADVAPI32.dll
0x00007ffdaeb30000 - 0x00007ffdaebce000 	C:\Windows\System32\msvcrt.dll
0x00007ffdaea90000 - 0x00007ffdaeb2c000 	C:\Windows\System32\sechost.dll
0x00007ffdaed80000 - 0x00007ffdaeea5000 	C:\Windows\System32\RPCRT4.dll
0x00007ffdae060000 - 0x00007ffdae1fd000 	C:\Windows\System32\USER32.dll
0x00007ffd9c620000 - 0x00007ffd9c8ba000 	C:\Windows\WinSxS\amd64_microsoft.windows.common-controls_6595b64144ccf1df_6.0.19041.1110_none_60b5254171f9507e\COMCTL32.dll
0x00007ffdadcb0000 - 0x00007ffdadcd2000 	C:\Windows\System32\win32u.dll
0x00007ffdaf720000 - 0x00007ffdaf74b000 	C:\Windows\System32\GDI32.dll
0x00007ffdad9b0000 - 0x00007ffdadabf000 	C:\Windows\System32\gdi32full.dll
0x00007ffdad810000 - 0x00007ffdad8ad000 	C:\Windows\System32\msvcp_win.dll
0x00007ffda6580000 - 0x00007ffda658a000 	C:\Windows\SYSTEM32\VERSION.dll
0x00007ffdaff20000 - 0x00007ffdaff52000 	C:\Windows\System32\IMM32.DLL
0x00007ffda8cb0000 - 0x00007ffda8cbc000 	C:\Program Files\Java\jdk-17.0.2\bin\vcruntime140_1.dll
0x00007ffd8b310000 - 0x00007ffd8b39d000 	C:\Program Files\Java\jdk-17.0.2\bin\msvcp140.dll
0x00007ffcf06a0000 - 0x00007ffcf1261000 	C:\Program Files\Java\jdk-17.0.2\bin\server\jvm.dll
0x00007ffdae460000 - 0x00007ffdae468000 	C:\Windows\System32\PSAPI.DLL
0x00007ffdaaa30000 - 0x00007ffdaaa39000 	C:\Windows\SYSTEM32\WSOCK32.dll
0x00007ffda3cc0000 - 0x00007ffda3ce7000 	C:\Windows\SYSTEM32\WINMM.dll
0x00007ffdaff60000 - 0x00007ffdaffcb000 	C:\Windows\System32\WS2_32.dll
0x00007ffdabf40000 - 0x00007ffdabf52000 	C:\Windows\SYSTEM32\kernel.appcore.dll
0x00007ffda8310000 - 0x00007ffda831a000 	C:\Program Files\Java\jdk-17.0.2\bin\jimage.dll
0x00007ffdabbb0000 - 0x00007ffdabd94000 	C:\Windows\SYSTEM32\DBGHELP.DLL
0x00007ffd96ad0000 - 0x00007ffd96afc000 	C:\Windows\SYSTEM32\dbgcore.DLL
0x00007ffdadac0000 - 0x00007ffdadb42000 	C:\Windows\System32\bcryptPrimitives.dll
0x00007ffda2f00000 - 0x00007ffda2f25000 	C:\Program Files\Java\jdk-17.0.2\bin\java.dll
0x00007ffd8b3a0000 - 0x00007ffd8b476000 	C:\Program Files\Java\jdk-17.0.2\bin\jsvml.dll
0x00007ffdaef70000 - 0x00007ffdaf6b3000 	C:\Windows\System32\SHELL32.dll
0x00007ffdab350000 - 0x00007ffdabae2000 	C:\Windows\SYSTEM32\windows.storage.dll
0x00007ffdaf750000 - 0x00007ffdafaa4000 	C:\Windows\System32\combase.dll
0x00007ffdad170000 - 0x00007ffdad1a0000 	C:\Windows\SYSTEM32\Wldp.dll
0x00007ffdae2f0000 - 0x00007ffdae39d000 	C:\Windows\System32\SHCORE.dll
0x00007ffdaf6c0000 - 0x00007ffdaf715000 	C:\Windows\System32\shlwapi.dll
0x00007ffdad650000 - 0x00007ffdad66f000 	C:\Windows\SYSTEM32\profapi.dll
0x00007ffd83600000 - 0x00007ffd8378f000 	C:\Program Files\Java\jdk-17.0.2\bin\awt.dll
0x00007ffdae620000 - 0x00007ffdae6ed000 	C:\Windows\System32\OLEAUT32.dll
0x00007ffdaaac0000 - 0x00007ffdaab51000 	C:\Windows\SYSTEM32\apphelp.dll
0x00007ffdaac80000 - 0x00007ffdaad1e000 	C:\Windows\system32\uxtheme.dll
0x00007ffd7c000000 - 0x00007ffd7c138000 	C:\ProgramData\A-Volute\A-Volute.Nahimic\Modules\Scheduled\x64\AudioDevProps2.dll
0x00007ffdaebd0000 - 0x00007ffdaecfa000 	C:\Windows\System32\ole32.dll
0x00007ffd7ecc0000 - 0x00007ffd7ed6e000 	C:\ProgramData\A-Volute\A-Volute.Nahimic\Modules\Scheduled\x64\NahimicOSD.dll
0x00007ffd7ee10000 - 0x00007ffd7ee77000 	C:\ProgramData\A-Volute\A-Volute.Nahimic\Modules\Scheduled\x64\ProductInfo.dll
0x00007ffdae970000 - 0x00007ffdaea85000 	C:\Windows\System32\MSCTF.dll
0x00007ffdaae80000 - 0x00007ffdaaeaf000 	C:\Windows\system32\DWMAPI.DLL
0x00007ffd89ba0000 - 0x00007ffd89c29000 	C:\Program Files\Java\jdk-17.0.2\bin\freetype.dll
0x00007ffd83550000 - 0x00007ffd835f8000 	C:\Program Files\Java\jdk-17.0.2\bin\fontmanager.dll
0x00007ffd82af0000 - 0x00007ffd82c15000 	C:\Windows\system32\opengl32.dll
0x00007ffda2c00000 - 0x00007ffda2c2c000 	C:\Windows\SYSTEM32\GLU32.dll
0x00007ffdad300000 - 0x00007ffdad312000 	C:\Windows\SYSTEM32\msasn1.dll
0x00007ffda6540000 - 0x00007ffda6571000 	C:\Windows\SYSTEM32\cryptnet.dll
0x000002a9480f0000 - 0x000002a948246000 	C:\Windows\System32\CRYPT32.dll
0x00007ffda61a0000 - 0x00007ffda62e8000 	C:\Windows\SYSTEM32\drvstore.dll
0x00007ffdad4c0000 - 0x00007ffdad4ec000 	C:\Windows\SYSTEM32\devobj.dll
0x00007ffdad8b0000 - 0x00007ffdad8fe000 	C:\Windows\System32\cfgmgr32.dll
0x00007ffdad0c0000 - 0x00007ffdad0cc000 	C:\Windows\SYSTEM32\cryptbase.dll
0x00007ffdadfc0000 - 0x00007ffdae02a000 	C:\Windows\System32\WINTRUST.DLL
0x00007ffdae7b0000 - 0x00007ffdae7cd000 	C:\Windows\System32\imagehlp.dll
0x00007ffdad0a0000 - 0x00007ffdad0b8000 	C:\Windows\SYSTEM32\CRYPTSP.dll
0x00007ffdac740000 - 0x00007ffdac774000 	C:\Windows\system32\rsaenh.dll
0x00007ffdae030000 - 0x00007ffdae057000 	C:\Windows\System32\bcrypt.dll
0x00007ffd7b780000 - 0x00007ffd7ba4f000 	C:\Windows\system32\nvspcap64.dll
0x00007ffdac860000 - 0x00007ffdac893000 	C:\Windows\SYSTEM32\ntmarta.dll
0x00007ffdabf60000 - 0x00007ffdabf83000 	C:\Windows\SYSTEM32\gpapi.dll
0x00007ffda49a0000 - 0x00007ffda49db000 	C:\Windows\SYSTEM32\dxcore.dll
0x00007ffda3b70000 - 0x00007ffda3b89000 	C:\Program Files\Java\jdk-17.0.2\bin\net.dll
0x00007ffda6b70000 - 0x00007ffda6c7c000 	C:\Windows\SYSTEM32\WINHTTP.dll
0x00007ffdace80000 - 0x00007ffdaceea000 	C:\Windows\system32\mswsock.dll
0x00007ffda2ee0000 - 0x00007ffda2ef6000 	C:\Program Files\Java\jdk-17.0.2\bin\nio.dll
0x00007ffdae7e0000 - 0x00007ffdae88f000 	C:\Windows\System32\clbcatq.dll
0x00007ffda7000000 - 0x00007ffda71b4000 	C:\Windows\SYSTEM32\WindowsCodecs.dll
0x00007ffd93440000 - 0x00007ffd9347e000 	C:\Windows\system32\dataexchange.dll
0x00007ffda9540000 - 0x00007ffda97a3000 	C:\Windows\system32\d3d11.dll
0x00007ffda9ed0000 - 0x00007ffdaa0b3000 	C:\Windows\system32\dcomp.dll
0x00007ffdabf90000 - 0x00007ffdac083000 	C:\Windows\system32\dxgi.dll
0x00007ffda7450000 - 0x00007ffda7650000 	C:\Windows\system32\twinapi.appcore.dll
0x00007ffd9f520000 - 0x00007ffd9f619000 	C:\Windows\SYSTEM32\textinputframework.dll
0x00007ffdaa440000 - 0x00007ffdaa79e000 	C:\Windows\System32\CoreUIComponents.dll
0x00007ffdaa7a0000 - 0x00007ffdaa892000 	C:\Windows\System32\CoreMessaging.dll
0x00007ffda9d70000 - 0x00007ffda9ec4000 	C:\Windows\SYSTEM32\wintypes.dll

dbghelp: loaded successfully - version: 4.0.5 - missing functions: none
symbol engine: initialized successfully - sym options: 0x614 - pdb path: .;C:\Program Files\Java\jdk-17.0.2\bin;C:\Windows\SYSTEM32;C:\Windows\WinSxS\amd64_microsoft.windows.common-controls_6595b64144ccf1df_6.0.19041.1110_none_60b5254171f9507e;C:\Program Files\Java\jdk-17.0.2\bin\server;C:\ProgramData\A-Volute\A-Volute.Nahimic\Modules\Scheduled\x64;C:\Windows\System32\DriverStore\FileRepository\nv_dispi.inf_amd64_ade64cd54ec2f9ed

VM Arguments:
java_command: Client_GUI
java_class_path (initial): C:\Users\Rawrg\OneDrive\School\Personal\JavaChatClient\ChatServerClient\target\classes
Launcher Type: SUN_STANDARD

[Global flags]
     intx CICompilerCount                          = 12                                        {product} {ergonomic}
     uint ConcGCThreads                            = 3                                         {product} {ergonomic}
     uint G1ConcRefinementThreads                  = 13                                        {product} {ergonomic}
   size_t G1HeapRegionSize                         = 4194304                                   {product} {ergonomic}
    uintx GCDrainStackTargetSize                   = 64                                        {product} {ergonomic}
   size_t InitialHeapSize                          = 536870912                                 {product} {ergonomic}
   size_t MarkStackSize                            = 4194304                                   {product} {ergonomic}
   size_t MaxHeapSize                              = 8573157376                                {product} {ergonomic}
   size_t MaxNewSize                               = 5142216704                                {product} {ergonomic}
   size_t MinHeapDeltaBytes                        = 4194304                                   {product} {ergonomic}
   size_t MinHeapSize                              = 8388608                                   {product} {ergonomic}
    uintx NonNMethodCodeHeapSize                   = 7602480                                {pd product} {ergonomic}
    uintx NonProfiledCodeHeapSize                  = 122027880                              {pd product} {ergonomic}
    uintx ProfiledCodeHeapSize                     = 122027880                              {pd product} {ergonomic}
    uintx ReservedCodeCacheSize                    = 251658240                              {pd product} {ergonomic}
     bool SegmentedCodeCache                       = true                                      {product} {ergonomic}
   size_t SoftMaxHeapSize                          = 8573157376                             {manageable} {ergonomic}
     bool UseCompressedClassPointers               = true                           {product lp64_product} {ergonomic}
     bool UseCompressedOops                        = true                           {product lp64_product} {ergonomic}
     bool UseG1GC                                  = true                                      {product} {ergonomic}
     bool UseLargePagesIndividualAllocation        = false                                  {pd product} {ergonomic}

Logging:
Log output configuration:
 #0: stdout all=warning uptime,level,tags
 #1: stderr all=off uptime,level,tags

Environment Variables:
JAVA_HOME=C:\Program Files\Java\jdk-17.0.2
PATH=C:\Program Files\Microsoft\jdk-11.0.12.7-hotspot\bin;C:\Program Files\Common Files\Oracle\Java\javapath;C:\Program Files\Eclipse Foundation\jdk-11.0.12.7-hotspot\bin;C:\Python39\Scripts\;C:\Python39\;C:\Windows\system32;C:\Windows;C:\Windows\System32\Wbem;C:\Windows\System32\WindowsPowerShell\v1.0\;C:\Windows\System32\OpenSSH\;C:\Program Files\NVIDIA Corporation\NVIDIA NvDLISR;C:\Program Files (x86)\NVIDIA Corporation\PhysX\Common;C:\Program Files\nodejs\;C:\ProgramData\chocolatey\bin;C:\Program Files\dotnet\;C:\Program Files\Git\cmd;C:\Program Files\Docker\Docker\resources\bin;C:\ProgramData\DockerDesktop\version-bin;C:\Program Files\Microsoft SQL Server\150\Tools\Binn\;C:\Program Files\Microsoft SQL Server\Client SDK\ODBC\170\Tools\Binn\;C:\Users\Rawrg\AppData\Local\Microsoft\WindowsApps;C:\Users\Rawrg\AppData\Roaming\npm;C:\Users\Rawrg\AppData\Local\Programs\Microsoft VS Code\bin;C:\Users\Rawrg\AppData\Local\GitHubDesktop\bin;C:\Program Files (x86)\Nmap;C:\Users\Rawrg\.dotnet\tools;C:\Users\Rawrg\AppData\Local\Programs\mongosh\
USERNAME=Rawrg
OS=Windows_NT
PROCESSOR_IDENTIFIER=AMD64 Family 25 Model 33 Stepping 0, AuthenticAMD



---------------  S Y S T E M  ---------------

OS:
 Windows 10 , 64 bit Build 19041 (10.0.19041.2251)
OS uptime: 1 days 23:43 hours
Hyper-V role detected

CPU: total 16 (initial active 16) (16 cores per cpu, 2 threads per core) family 25 model 33 stepping 0 microcode 0x0, cx8, cmov, fxsr, ht, mmx, 3dnowpref, sse, sse2, sse3, ssse3, sse4a, sse4.1, sse4.2, popcnt, lzcnt, tsc, tscinvbit, avx, avx2, aes, erms, clmul, bmi1, bmi2, adx, sha, fma, vzeroupper, clflush, clflushopt, hv

Memory: 4k page, system-wide physical 32689M (19039M free)
TotalPageFile size 37553M (AvailPageFile size 17979M)
current process WorkingSet (physical memory assigned to process): 130M, peak: 164M
current process commit charge ("private bytes"): 716M, peak: 751M

vm_info: Java HotSpot(TM) 64-Bit Server VM (17.0.2+8-LTS-86) for windows-amd64 JRE (17.0.2+8-LTS-86), built on Dec  7 2021 21:51:03 by "mach5one" with MS VC++ 16.8 / 16.9 (VS2019)

END.
